Using pre-set license
Built from '2022.3/staging' branch; Version is '2022.3.40f1 (cbdda657d2f0) revision 13360550'; Using compiler version '192829333'; Build Type 'Release'
OS: 'Windows 10  (10.0.19045) 64bit CoreSingleLanguage' Language: 'en' Physical Memory: 8069 MB
BatchMode: 1, IsHumanControllingUs: 0, StartBugReporterOnCrash: 0, Is64bit: 1, IsPro: 1

COMMAND LINE ARGUMENTS:
G:\Game Studio\Unity Engine\2022.3.40f1\Editor\Unity.exe
-adb2
-batchMode
-noUpm
-name
AssetImportWorker0
-projectPath
G:/Game Studio/Unity Project/Reflection-TheMansion
-logFile
Logs/AssetImportWorker0.log
-srvPort
52865
Successfully changed project path to: G:/Game Studio/Unity Project/Reflection-TheMansion
G:/Game Studio/Unity Project/Reflection-TheMansion
[UnityMemory] Configuration Parameters - Can be set up in boot.config
    "memorysetup-bucket-allocator-granularity=16"
    "memorysetup-bucket-allocator-bucket-count=8"
    "memorysetup-bucket-allocator-block-size=33554432"
    "memorysetup-bucket-allocator-block-count=8"
    "memorysetup-main-allocator-block-size=16777216"
    "memorysetup-thread-allocator-block-size=16777216"
    "memorysetup-gfx-main-allocator-block-size=16777216"
    "memorysetup-gfx-thread-allocator-block-size=16777216"
    "memorysetup-cache-allocator-block-size=4194304"
    "memorysetup-typetree-allocator-block-size=2097152"
    "memorysetup-profiler-bucket-allocator-granularity=16"
    "memorysetup-profiler-bucket-allocator-bucket-count=8"
    "memorysetup-profiler-bucket-allocator-block-size=33554432"
    "memorysetup-profiler-bucket-allocator-block-count=8"
    "memorysetup-profiler-allocator-block-size=16777216"
    "memorysetup-profiler-editor-allocator-block-size=1048576"
    "memorysetup-temp-allocator-size-main=16777216"
    "memorysetup-job-temp-allocator-block-size=2097152"
    "memorysetup-job-temp-allocator-block-size-background=1048576"
    "memorysetup-job-temp-allocator-reduction-small-platforms=262144"
    "memorysetup-allocator-temp-initial-block-size-main=262144"
    "memorysetup-allocator-temp-initial-block-size-worker=262144"
    "memorysetup-temp-allocator-size-background-worker=32768"
    "memorysetup-temp-allocator-size-job-worker=262144"
    "memorysetup-temp-allocator-size-preload-manager=33554432"
    "memorysetup-temp-allocator-size-nav-mesh-worker=65536"
    "memorysetup-temp-allocator-size-audio-worker=65536"
    "memorysetup-temp-allocator-size-cloud-worker=32768"
    "memorysetup-temp-allocator-size-gi-baking-worker=262144"
    "memorysetup-temp-allocator-size-gfx=262144"
Player connection [7808]  Target information:

Player connection [7808]  * "[IP] 192.168.1.21 [Port] 0 [Flags] 2 [Guid] 1458742025 [EditorId] 1458742025 [Version] 1048832 [Id] WindowsEditor(7,ikok98) [Debug] 1 [PackageName] WindowsEditor [ProjectName] Editor" 

Player connection [7808] Host joined multi-casting on [225.0.0.222:54997]...
Player connection [7808] Host joined alternative multi-casting on [225.0.0.222:34997]...
[PhysX] Initialized MultithreadedTaskDispatcher with 8 workers.
Refreshing native plugins compatible for Editor in 340.91 ms, found 3 plugins.
Preloading 0 native plugins for Editor in 0.00 ms.
Initialize engine version: 2022.3.40f1 (cbdda657d2f0)
[Subsystems] Discovering subsystems at path G:/Game Studio/Unity Engine/2022.3.40f1/Editor/Data/Resources/UnitySubsystems
[Subsystems] Discovering subsystems at path G:/Game Studio/Unity Project/Reflection-TheMansion/Assets
GfxDevice: creating device client; threaded=0; jobified=0
Direct3D:
    Version:  Direct3D 11.0 [level 11.0]
    Renderer: NVIDIA GeForce MX130 (ID=0x174d)
    Vendor:   NVIDIA
    VRAM:     2001 MB
    Driver:   32.0.15.6094
Initialize mono
Mono path[0] = 'G:/Game Studio/Unity Engine/2022.3.40f1/Editor/Data/Managed'
Mono path[1] = 'G:/Game Studio/Unity Engine/2022.3.40f1/Editor/Data/MonoBleedingEdge/lib/mono/unityjit-win32'
Mono config path = 'G:/Game Studio/Unity Engine/2022.3.40f1/Editor/Data/MonoBleedingEdge/etc'
Using monoOptions --debugger-agent=transport=dt_socket,embedding=1,server=y,suspend=n,address=127.0.0.1:56348
Begin MonoManager ReloadAssembly
Registering precompiled unity dll's ...
Register platform support module: G:/Game Studio/Unity Engine/2022.3.40f1/Editor/Data/PlaybackEngines/AndroidPlayer/UnityEditor.Android.Extensions.dll
Register platform support module: G:/Game Studio/Unity Engine/2022.3.40f1/Editor/Data/PlaybackEngines/iOSSupport/UnityEditor.iOS.Extensions.dll
Register platform support module: G:/Game Studio/Unity Engine/2022.3.40f1/Editor/Data/PlaybackEngines/WindowsStandaloneSupport/UnityEditor.WindowsStandalone.Extensions.dll
Registered in 0.027844 seconds.
- Loaded All Assemblies, in  1.359 seconds
Native extension for WindowsStandalone target not found
[usbmuxd] Start listen thread
[usbmuxd] Listen thread started
Native extension for iOS target not found
Native extension for Android target not found
Android Extension - Scanning For ADB Devices 1072 ms
Mono: successfully reloaded assembly
- Finished resetting the current domain, in  2.571 seconds
Domain Reload Profiling: 3930ms
	BeginReloadAssembly (391ms)
		ExecutionOrderSort (0ms)
		DisableScriptedObjects (0ms)
		BackupInstance (0ms)
		ReleaseScriptingObjects (0ms)
		CreateAndSetChildDomain (2ms)
	RebuildCommonClasses (116ms)
	RebuildNativeTypeToScriptingClass (32ms)
	initialDomainReloadingComplete (164ms)
	LoadAllAssembliesAndSetupDomain (654ms)
		LoadAssemblies (392ms)
		RebuildTransferFunctionScriptingTraits (0ms)
		AnalyzeDomain (644ms)
			TypeCache.Refresh (637ms)
				TypeCache.ScanAssembly (580ms)
			ScanForSourceGeneratedMonoScriptInfo (2ms)
			ResolveRequiredComponents (3ms)
	FinalizeReload (2573ms)
		ReleaseScriptCaches (0ms)
		RebuildScriptCaches (0ms)
		SetupLoadedEditorAssemblies (2299ms)
			LogAssemblyErrors (0ms)
			InitializePlatformSupportModulesInManaged (1623ms)
			SetLoadedEditorAssemblies (13ms)
			RefreshPlugins (0ms)
			BeforeProcessingInitializeOnLoad (5ms)
			ProcessInitializeOnLoadAttributes (447ms)
			ProcessInitializeOnLoadMethodAttributes (210ms)
			AfterProcessingInitializeOnLoad (0ms)
			EditorAssembliesLoaded (1ms)
		ExecutionOrderSort2 (0ms)
		AwakeInstancesAfterBackupRestoration (0ms)
========================================================================
Worker process is ready to serve import requests
Caller must complete domain reload
Begin MonoManager ReloadAssembly
Symbol file LoadedFromMemory is not a mono symbol file
- Loaded All Assemblies, in  3.083 seconds
Native extension for WindowsStandalone target not found
Native extension for iOS target not found
Native extension for Android target not found
Package Manager log level set to [2]
[Package Manager] Server::EnsureServerProcessIsRunning -- launch failed, reason: Unity was launched with the -noUpm command-line argument
[Package Manager] UpmClient::Send -- Unable to send message (not connected to UPM process).
[Package Manager] Cannot connect to Unity Package Manager local server
Mono: successfully reloaded assembly
- Finished resetting the current domain, in  2.011 seconds
Domain Reload Profiling: 5090ms
	BeginReloadAssembly (801ms)
		ExecutionOrderSort (0ms)
		DisableScriptedObjects (101ms)
		BackupInstance (0ms)
		ReleaseScriptingObjects (0ms)
		CreateAndSetChildDomain (97ms)
	RebuildCommonClasses (143ms)
	RebuildNativeTypeToScriptingClass (29ms)
	initialDomainReloadingComplete (157ms)
	LoadAllAssembliesAndSetupDomain (1947ms)
		LoadAssemblies (1606ms)
		RebuildTransferFunctionScriptingTraits (0ms)
		AnalyzeDomain (784ms)
			TypeCache.Refresh (706ms)
				TypeCache.ScanAssembly (646ms)
			ScanForSourceGeneratedMonoScriptInfo (60ms)
			ResolveRequiredComponents (13ms)
	FinalizeReload (2013ms)
		ReleaseScriptCaches (0ms)
		RebuildScriptCaches (0ms)
		SetupLoadedEditorAssemblies (1486ms)
			LogAssemblyErrors (0ms)
			InitializePlatformSupportModulesInManaged (94ms)
			SetLoadedEditorAssemblies (12ms)
			RefreshPlugins (0ms)
			BeforeProcessingInitializeOnLoad (195ms)
			ProcessInitializeOnLoadAttributes (1040ms)
			ProcessInitializeOnLoadMethodAttributes (138ms)
			AfterProcessingInitializeOnLoad (6ms)
			EditorAssembliesLoaded (1ms)
		ExecutionOrderSort2 (0ms)
		AwakeInstancesAfterBackupRestoration (23ms)
Launched and connected shader compiler UnityShaderCompiler.exe after 0.18 seconds
Refreshing native plugins compatible for Editor in 13.13 ms, found 3 plugins.
Preloading 0 native plugins for Editor in 0.00 ms.
Unloading 3861 Unused Serialized files (Serialized files now loaded: 0)
Unloading 33 unused Assets / (128.8 KB). Loaded Objects now: 4329.
Memory consumption went from 142.1 MB to 142.0 MB.
Total: 14.106800 ms (FindLiveObjects: 0.673700 ms CreateObjectMapping: 0.697500 ms MarkObjects: 11.702500 ms  DeleteObjects: 1.023600 ms)

AssetImportParameters requested are different than current active one (requested -> active):
  custom:container-demuxer-ogg: 62fdf1f143b41e24485cea50d1cbac27 -> 
  custom:video-decoder-ogg-theora: a1e56fd34408186e4bbccfd4996cb3dc -> 
  custom:framework-win-MediaFoundation: 216162199b28c13a410421893ffa2e32 -> 
  custom:CustomObjectIndexerAttribute: 9a22284fe3817be447336de3de66b15e -> 
  custom:container-demuxer-webm: 4f35f7cbe854078d1ac9338744f61a02 -> 
  custom:container-muxer-webm: aa71ff27fc2769a1b78a27578f13a17b -> 
  custom:video-decoder-webm-vp8: 9c59270c3fd7afecdb556c50c9e8de78 -> 
  custom:SearchIndexIgnoredProperties: e643bd26f0fe6173181afceb89e7c659 -> 
  custom:AudioImporter_EditorPlatform: d09bf68614088b80899f8185d706f6e7 -> 
  custom:video-encoder-webm-vp8: eb34c28f22e8b96e1ab97ce403110664 -> 
  custom:audio-decoder-ogg-vorbis: bf7c407c2cedff20999df2af8eb42d56 -> 
  custom:audio-encoder-webm-vorbis: bf7c407c2cedff20999df2af8eb42d56 -> 
========================================================================
Received Import Request.
  Time since last request: 54035.417135 seconds.
  path: Assets/Character/Material
  artifactKey: Guid(7966152e14e578b45a33ddf717f44458) Importer(815301076,1909f56bfc062723c751e8b465ee728b)
Start importing Assets/Character/Material using Guid(7966152e14e578b45a33ddf717f44458) Importer(815301076,1909f56bfc062723c751e8b465ee728b) [PhysX] Initialized MultithreadedTaskDispatcher with 8 workers.
 -> (artifact id: '224d50342688215c5f8d522f42d75b0b') in 0.009547 seconds
Number of updated asset objects reloaded before import = 0
Number of asset objects unloaded after import = 0
========================================================================
Received Import Request.
  Time since last request: 1.621284 seconds.
  path: Assets/Character/Detektif.fbx
  artifactKey: Guid(a97aec0bd8e09e1439f95294dec288fc) Importer(815301076,1909f56bfc062723c751e8b465ee728b)
Start importing Assets/Character/Detektif.fbx using Guid(a97aec0bd8e09e1439f95294dec288fc) Importer(815301076,1909f56bfc062723c751e8b465ee728b) [PhysX] Initialized MultithreadedTaskDispatcher with 8 workers.
[PhysX] Initialized MultithreadedTaskDispatcher with 8 workers.
[PhysX] Initialized MultithreadedTaskDispatcher with 8 workers.
[PhysX] Initialized MultithreadedTaskDispatcher with 8 workers.
[PhysX] Initialized MultithreadedTaskDispatcher with 8 workers.
[PhysX] Initialized MultithreadedTaskDispatcher with 8 workers.
[PhysX] Initialized MultithreadedTaskDispatcher with 8 workers.
[PhysX] Initialized MultithreadedTaskDispatcher with 8 workers.
[PhysX] Initialized MultithreadedTaskDispatcher with 8 workers.
[PhysX] Initialized MultithreadedTaskDispatcher with 8 workers.
[PhysX] Initialized MultithreadedTaskDispatcher with 8 workers.
[PhysX] Initialized MultithreadedTaskDispatcher with 8 workers.
[PhysX] Initialized MultithreadedTaskDispatcher with 8 workers.
[PhysX] Initialized MultithreadedTaskDispatcher with 8 workers.
[PhysX] Initialized MultithreadedTaskDispatcher with 8 workers.
[PhysX] Initialized MultithreadedTaskDispatcher with 8 workers.
[PhysX] Initialized MultithreadedTaskDispatcher with 8 workers.
[PhysX] Initialized MultithreadedTaskDispatcher with 8 workers.
[PhysX] Initialized MultithreadedTaskDispatcher with 8 workers.
[PhysX] Initialized MultithreadedTaskDispatcher with 8 workers.
[PhysX] Initialized MultithreadedTaskDispatcher with 8 workers.
[PhysX] Initialized MultithreadedTaskDispatcher with 8 workers.
[PhysX] Initialized MultithreadedTaskDispatcher with 8 workers.
[PhysX] Initialized MultithreadedTaskDispatcher with 8 workers.
[PhysX] Initialized MultithreadedTaskDispatcher with 8 workers.
[PhysX] Initialized MultithreadedTaskDispatcher with 8 workers.
[PhysX] Initialized MultithreadedTaskDispatcher with 8 workers.
[PhysX] Initialized MultithreadedTaskDispatcher with 8 workers.
[PhysX] Initialized MultithreadedTaskDispatcher with 8 workers.
 -> (artifact id: 'b8c54d4f16be9e743b949bca00b15e61') in 0.665949 seconds
Number of updated asset objects reloaded before import = 0
Number of asset objects unloaded after import = 512
========================================================================
Received Import Request.
  Time since last request: 13.721219 seconds.
  path: Assets/Character/Detektif.fbx
  artifactKey: Guid(a97aec0bd8e09e1439f95294dec288fc) Importer(815301076,1909f56bfc062723c751e8b465ee728b)
Start importing Assets/Character/Detektif.fbx using Guid(a97aec0bd8e09e1439f95294dec288fc) Importer(815301076,1909f56bfc062723c751e8b465ee728b) [PhysX] Initialized MultithreadedTaskDispatcher with 8 workers.
[PhysX] Initialized MultithreadedTaskDispatcher with 8 workers.
[PhysX] Initialized MultithreadedTaskDispatcher with 8 workers.
[PhysX] Initialized MultithreadedTaskDispatcher with 8 workers.
[PhysX] Initialized MultithreadedTaskDispatcher with 8 workers.
[PhysX] Initialized MultithreadedTaskDispatcher with 8 workers.
[PhysX] Initialized MultithreadedTaskDispatcher with 8 workers.
[PhysX] Initialized MultithreadedTaskDispatcher with 8 workers.
[PhysX] Initialized MultithreadedTaskDispatcher with 8 workers.
[PhysX] Initialized MultithreadedTaskDispatcher with 8 workers.
[PhysX] Initialized MultithreadedTaskDispatcher with 8 workers.
[PhysX] Initialized MultithreadedTaskDispatcher with 8 workers.
[PhysX] Initialized MultithreadedTaskDispatcher with 8 workers.
[PhysX] Initialized MultithreadedTaskDispatcher with 8 workers.
[PhysX] Initialized MultithreadedTaskDispatcher with 8 workers.
[PhysX] Initialized MultithreadedTaskDispatcher with 8 workers.
[PhysX] Initialized MultithreadedTaskDispatcher with 8 workers.
[PhysX] Initialized MultithreadedTaskDispatcher with 8 workers.
[PhysX] Initialized MultithreadedTaskDispatcher with 8 workers.
[PhysX] Initialized MultithreadedTaskDispatcher with 8 workers.
[PhysX] Initialized MultithreadedTaskDispatcher with 8 workers.
[PhysX] Initialized MultithreadedTaskDispatcher with 8 workers.
[PhysX] Initialized MultithreadedTaskDispatcher with 8 workers.
[PhysX] Initialized MultithreadedTaskDispatcher with 8 workers.
[PhysX] Initialized MultithreadedTaskDispatcher with 8 workers.
[PhysX] Initialized MultithreadedTaskDispatcher with 8 workers.
[PhysX] Initialized MultithreadedTaskDispatcher with 8 workers.
[PhysX] Initialized MultithreadedTaskDispatcher with 8 workers.
[PhysX] Initialized MultithreadedTaskDispatcher with 8 workers.
 -> (artifact id: '7e948572c25cfa7c01861132b9123dd6') in 0.551727 seconds
Number of updated asset objects reloaded before import = 0
Number of asset objects unloaded after import = 514
========================================================================
Received Import Request.
  Time since last request: 29.701008 seconds.
  path: Assets/Character/Detektif.fbx
  artifactKey: Guid(a97aec0bd8e09e1439f95294dec288fc) Importer(815301076,1909f56bfc062723c751e8b465ee728b)
Start importing Assets/Character/Detektif.fbx using Guid(a97aec0bd8e09e1439f95294dec288fc) Importer(815301076,1909f56bfc062723c751e8b465ee728b) [PhysX] Initialized MultithreadedTaskDispatcher with 8 workers.
[PhysX] Initialized MultithreadedTaskDispatcher with 8 workers.
[PhysX] Initialized MultithreadedTaskDispatcher with 8 workers.
[PhysX] Initialized MultithreadedTaskDispatcher with 8 workers.
[PhysX] Initialized MultithreadedTaskDispatcher with 8 workers.
[PhysX] Initialized MultithreadedTaskDispatcher with 8 workers.
[PhysX] Initialized MultithreadedTaskDispatcher with 8 workers.
[PhysX] Initialized MultithreadedTaskDispatcher with 8 workers.
[PhysX] Initialized MultithreadedTaskDispatcher with 8 workers.
[PhysX] Initialized MultithreadedTaskDispatcher with 8 workers.
[PhysX] Initialized MultithreadedTaskDispatcher with 8 workers.
[PhysX] Initialized MultithreadedTaskDispatcher with 8 workers.
[PhysX] Initialized MultithreadedTaskDispatcher with 8 workers.
[PhysX] Initialized MultithreadedTaskDispatcher with 8 workers.
[PhysX] Initialized MultithreadedTaskDispatcher with 8 workers.
[PhysX] Initialized MultithreadedTaskDispatcher with 8 workers.
[PhysX] Initialized MultithreadedTaskDispatcher with 8 workers.
[PhysX] Initialized MultithreadedTaskDispatcher with 8 workers.
[PhysX] Initialized MultithreadedTaskDispatcher with 8 workers.
[PhysX] Initialized MultithreadedTaskDispatcher with 8 workers.
 -> (artifact id: '253767d1e963c04512edbf8f65d790ab') in 0.320422 seconds
Number of updated asset objects reloaded before import = 0
Number of asset objects unloaded after import = 514
========================================================================
Received Import Request.
  Time since last request: 63.622126 seconds.
  path: Assets/Character/Material/Body.001.mat
  artifactKey: Guid(db4afc6f8cdf48547bbdbed5c52c002f) Importer(815301076,1909f56bfc062723c751e8b465ee728b)
Start importing Assets/Character/Material/Body.001.mat using Guid(db4afc6f8cdf48547bbdbed5c52c002f) Importer(815301076,1909f56bfc062723c751e8b465ee728b) [PhysX] Initialized MultithreadedTaskDispatcher with 8 workers.
[PhysX] Initialized MultithreadedTaskDispatcher with 8 workers.
 -> (artifact id: '814ba0c8b49eb970915bcb82a5be2adc') in 0.038768 seconds
Number of updated asset objects reloaded before import = 0
Number of asset objects unloaded after import = 1
========================================================================
Received Import Request.
  Time since last request: 0.000757 seconds.
  path: Assets/Character/Material/male1591.mat
  artifactKey: Guid(385b242eded00584f821455678807768) Importer(815301076,1909f56bfc062723c751e8b465ee728b)
Start importing Assets/Character/Material/male1591.mat using Guid(385b242eded00584f821455678807768) Importer(815301076,1909f56bfc062723c751e8b465ee728b) [PhysX] Initialized MultithreadedTaskDispatcher with 8 workers.
[PhysX] Initialized MultithreadedTaskDispatcher with 8 workers.
 -> (artifact id: '6e69cc01c12be1d7e365d768115a00fc') in 0.047206 seconds
Number of updated asset objects reloaded before import = 0
Number of asset objects unloaded after import = 1
========================================================================
Received Import Request.
  Time since last request: 0.000047 seconds.
  path: Assets/Character/Material/shoes03.mat
  artifactKey: Guid(f9ffa45098175d646b752b9f9c9976ff) Importer(815301076,1909f56bfc062723c751e8b465ee728b)
Start importing Assets/Character/Material/shoes03.mat using Guid(f9ffa45098175d646b752b9f9c9976ff) Importer(815301076,1909f56bfc062723c751e8b465ee728b) [PhysX] Initialized MultithreadedTaskDispatcher with 8 workers.
[PhysX] Initialized MultithreadedTaskDispatcher with 8 workers.
 -> (artifact id: 'dc05af657096071dc54febc1fab64147') in 0.045692 seconds
Number of updated asset objects reloaded before import = 0
Number of asset objects unloaded after import = 1
========================================================================
Received Import Request.
  Time since last request: 0.000035 seconds.
  path: Assets/Character/Material/Hat.001.mat
  artifactKey: Guid(32d540360a64b6c4dbd29623b8336fce) Importer(815301076,1909f56bfc062723c751e8b465ee728b)
Start importing Assets/Character/Material/Hat.001.mat using Guid(32d540360a64b6c4dbd29623b8336fce) Importer(815301076,1909f56bfc062723c751e8b465ee728b) [PhysX] Initialized MultithreadedTaskDispatcher with 8 workers.
[PhysX] Initialized MultithreadedTaskDispatcher with 8 workers.
 -> (artifact id: '0efdb66a88698c7d23b3afc107a346ac') in 0.041721 seconds
Number of updated asset objects reloaded before import = 0
Number of asset objects unloaded after import = 1
========================================================================
Received Import Request.
  Time since last request: 0.000048 seconds.
  path: Assets/Character/Material/male_casualsuit03.mat
  artifactKey: Guid(764a6952cc5922a41acf1cd954fa11a3) Importer(815301076,1909f56bfc062723c751e8b465ee728b)
Start importing Assets/Character/Material/male_casualsuit03.mat using Guid(764a6952cc5922a41acf1cd954fa11a3) Importer(815301076,1909f56bfc062723c751e8b465ee728b) [PhysX] Initialized MultithreadedTaskDispatcher with 8 workers.
[PhysX] Initialized MultithreadedTaskDispatcher with 8 workers.
 -> (artifact id: '9c8a9bba23993625921a408febc28905') in 0.039669 seconds
Number of updated asset objects reloaded before import = 0
Number of asset objects unloaded after import = 1
========================================================================
Received Import Request.
  Time since last request: 0.000444 seconds.
  path: Assets/Character/Material/short02.mat
  artifactKey: Guid(e179479dc7b99be4a9d039506e3f646b) Importer(815301076,1909f56bfc062723c751e8b465ee728b)
Start importing Assets/Character/Material/short02.mat using Guid(e179479dc7b99be4a9d039506e3f646b) Importer(815301076,1909f56bfc062723c751e8b465ee728b) [PhysX] Initialized MultithreadedTaskDispatcher with 8 workers.
[PhysX] Initialized MultithreadedTaskDispatcher with 8 workers.
 -> (artifact id: 'a138935acecc8b2c3478c54268a92150') in 0.035032 seconds
Number of updated asset objects reloaded before import = 0
Number of asset objects unloaded after import = 1
========================================================================
Received Import Request.
  Time since last request: 0.000079 seconds.
  path: Assets/Character/Material/eyelashes01.mat
  artifactKey: Guid(95e7fcdbd74c80742af86d4a2edc6cbe) Importer(815301076,1909f56bfc062723c751e8b465ee728b)
Start importing Assets/Character/Material/eyelashes01.mat using Guid(95e7fcdbd74c80742af86d4a2edc6cbe) Importer(815301076,1909f56bfc062723c751e8b465ee728b) [PhysX] Initialized MultithreadedTaskDispatcher with 8 workers.
[PhysX] Initialized MultithreadedTaskDispatcher with 8 workers.
 -> (artifact id: 'ca9696b1653be264f59152cad19e6f6a') in 0.032892 seconds
Number of updated asset objects reloaded before import = 0
Number of asset objects unloaded after import = 1
========================================================================
Received Import Request.
  Time since last request: 0.000048 seconds.
  path: Assets/Character/Material/low-poly.mat
  artifactKey: Guid(6e25566b70e52cb4e9bb57c55d02a9c1) Importer(815301076,1909f56bfc062723c751e8b465ee728b)
Start importing Assets/Character/Material/low-poly.mat using Guid(6e25566b70e52cb4e9bb57c55d02a9c1) Importer(815301076,1909f56bfc062723c751e8b465ee728b) [PhysX] Initialized MultithreadedTaskDispatcher with 8 workers.
[PhysX] Initialized MultithreadedTaskDispatcher with 8 workers.
 -> (artifact id: '86d16f5f55f93d7d47949d790a542277') in 0.042937 seconds
Number of updated asset objects reloaded before import = 0
Number of asset objects unloaded after import = 1
========================================================================
Received Import Request.
  Time since last request: 7.395513 seconds.
  path: Assets/Character/Texture/brown_eye.png
  artifactKey: Guid(4a8cf3116beca804991773721512c2fc) Importer(815301076,1909f56bfc062723c751e8b465ee728b)
Start importing Assets/Character/Texture/brown_eye.png using Guid(4a8cf3116beca804991773721512c2fc) Importer(815301076,1909f56bfc062723c751e8b465ee728b) [PhysX] Initialized MultithreadedTaskDispatcher with 8 workers.
[PhysX] Initialized MultithreadedTaskDispatcher with 8 workers.
 -> (artifact id: 'bacdf0f5dfc4a3a11ebc3bdbcc968a0d') in 0.327691 seconds
Number of updated asset objects reloaded before import = 0
Number of asset objects unloaded after import = 2
========================================================================
Received Import Request.
  Time since last request: 0.000061 seconds.
  path: Assets/Character/Texture/male_casualsuit03_normal.png
  artifactKey: Guid(a3b96ec7a2bbbfc479ddd11ef3cd081b) Importer(815301076,1909f56bfc062723c751e8b465ee728b)
Start importing Assets/Character/Texture/male_casualsuit03_normal.png using Guid(a3b96ec7a2bbbfc479ddd11ef3cd081b) Importer(815301076,1909f56bfc062723c751e8b465ee728b) [PhysX] Initialized MultithreadedTaskDispatcher with 8 workers.
[PhysX] Initialized MultithreadedTaskDispatcher with 8 workers.
 -> (artifact id: '9cd0889521cd7dc6dbf56e931cdc0ae6') in 0.291233 seconds
Number of updated asset objects reloaded before import = 0
Number of asset objects unloaded after import = 2
========================================================================
Received Import Request.
  Time since last request: 0.000092 seconds.
  path: Assets/Character/Texture/eyebrow008.png
  artifactKey: Guid(4b61992d667fee54ab747c377fc0342a) Importer(815301076,1909f56bfc062723c751e8b465ee728b)
Start importing Assets/Character/Texture/eyebrow008.png using Guid(4b61992d667fee54ab747c377fc0342a) Importer(815301076,1909f56bfc062723c751e8b465ee728b) [PhysX] Initialized MultithreadedTaskDispatcher with 8 workers.
[PhysX] Initialized MultithreadedTaskDispatcher with 8 workers.
 -> (artifact id: '2aa89a89d0ec67392f408b6185231d16') in 0.063681 seconds
Number of updated asset objects reloaded before import = 0
Number of asset objects unloaded after import = 2
========================================================================
Received Import Request.
  Time since last request: 0.001602 seconds.
  path: Assets/Character/Texture/eyelashes01.png
  artifactKey: Guid(1aba6dd781b1a1f4ca5859ee304b3527) Importer(815301076,1909f56bfc062723c751e8b465ee728b)
Start importing Assets/Character/Texture/eyelashes01.png using Guid(1aba6dd781b1a1f4ca5859ee304b3527) Importer(815301076,1909f56bfc062723c751e8b465ee728b) [PhysX] Initialized MultithreadedTaskDispatcher with 8 workers.
[PhysX] Initialized MultithreadedTaskDispatcher with 8 workers.
 -> (artifact id: 'a1cbe807a7108ec4816dac6e45da161f') in 0.068307 seconds
Number of updated asset objects reloaded before import = 0
Number of asset objects unloaded after import = 2
========================================================================
Received Import Request.
  Time since last request: 0.000050 seconds.
  path: Assets/Character/Texture/Detektif_Eyebrow.png
  artifactKey: Guid(8e3330c46c8b4c94d880cf08b7d1bd22) Importer(815301076,1909f56bfc062723c751e8b465ee728b)
Start importing Assets/Character/Texture/Detektif_Eyebrow.png using Guid(8e3330c46c8b4c94d880cf08b7d1bd22) Importer(815301076,1909f56bfc062723c751e8b465ee728b) [PhysX] Initialized MultithreadedTaskDispatcher with 8 workers.
[PhysX] Initialized MultithreadedTaskDispatcher with 8 workers.
 -> (artifact id: '1e844dd459daf4e4c9929a5fa19ed19f') in 0.026480 seconds
Number of updated asset objects reloaded before import = 0
Number of asset objects unloaded after import = 2
========================================================================
Received Import Request.
  Time since last request: 0.000092 seconds.
  path: Assets/Character/Texture/shoes03_diffuse.png
  artifactKey: Guid(44c361e906a851648b688aec2ce314f5) Importer(815301076,1909f56bfc062723c751e8b465ee728b)
Start importing Assets/Character/Texture/shoes03_diffuse.png using Guid(44c361e906a851648b688aec2ce314f5) Importer(815301076,1909f56bfc062723c751e8b465ee728b) [PhysX] Initialized MultithreadedTaskDispatcher with 8 workers.
[PhysX] Initialized MultithreadedTaskDispatcher with 8 workers.
 -> (artifact id: '1e6394ca3aea4c17d637102dcee0296a') in 0.053769 seconds
Number of updated asset objects reloaded before import = 0
Number of asset objects unloaded after import = 2
========================================================================
Received Import Request.
  Time since last request: 0.000064 seconds.
  path: Assets/Character/Texture/male_casualsuit03_diffuse.png
  artifactKey: Guid(be44c4e5875bc5144856807761cfb7c4) Importer(815301076,1909f56bfc062723c751e8b465ee728b)
Start importing Assets/Character/Texture/male_casualsuit03_diffuse.png using Guid(be44c4e5875bc5144856807761cfb7c4) Importer(815301076,1909f56bfc062723c751e8b465ee728b) [PhysX] Initialized MultithreadedTaskDispatcher with 8 workers.
[PhysX] Initialized MultithreadedTaskDispatcher with 8 workers.
 -> (artifact id: '5119256e50716b71ee96e477ee494cde') in 0.074299 seconds
Number of updated asset objects reloaded before import = 0
Number of asset objects unloaded after import = 2
========================================================================
Received Import Request.
  Time since last request: 0.005527 seconds.
  path: Assets/Environment/Env_Building/Env_Building_Texture/Wall_Red Victorian_Code 6_T_B.jpg
  artifactKey: Guid(4ba3c1582a9f09444ac38d6e13aee062) Importer(815301076,1909f56bfc062723c751e8b465ee728b)
Start importing Assets/Environment/Env_Building/Env_Building_Texture/Wall_Red Victorian_Code 6_T_B.jpg using Guid(4ba3c1582a9f09444ac38d6e13aee062) Importer(815301076,1909f56bfc062723c751e8b465ee728b) [PhysX] Initialized MultithreadedTaskDispatcher with 8 workers.
[PhysX] Initialized MultithreadedTaskDispatcher with 8 workers.
 -> (artifact id: '22d1e5c67710201132b6531d5920e53f') in 0.086621 seconds
Number of updated asset objects reloaded before import = 0
Number of asset objects unloaded after import = 2
========================================================================
Received Import Request.
  Time since last request: 0.000055 seconds.
  path: Assets/Character/Texture/Detektif_Hat.png
  artifactKey: Guid(a68c6223197417e46996ecff686ada67) Importer(815301076,1909f56bfc062723c751e8b465ee728b)
Start importing Assets/Character/Texture/Detektif_Hat.png using Guid(a68c6223197417e46996ecff686ada67) Importer(815301076,1909f56bfc062723c751e8b465ee728b) [PhysX] Initialized MultithreadedTaskDispatcher with 8 workers.
[PhysX] Initialized MultithreadedTaskDispatcher with 8 workers.
 -> (artifact id: '8fbf903362199394d05504c47d137a58') in 0.051841 seconds
Number of updated asset objects reloaded before import = 0
Number of asset objects unloaded after import = 2
========================================================================
Received Import Request.
  Time since last request: 0.001254 seconds.
  path: Assets/Character/Texture/detective_Top_diffuse.png
  artifactKey: Guid(722ef59d3f52ca04d9c26f2ede3a0df3) Importer(815301076,1909f56bfc062723c751e8b465ee728b)
Start importing Assets/Character/Texture/detective_Top_diffuse.png using Guid(722ef59d3f52ca04d9c26f2ede3a0df3) Importer(815301076,1909f56bfc062723c751e8b465ee728b) [PhysX] Initialized MultithreadedTaskDispatcher with 8 workers.
[PhysX] Initialized MultithreadedTaskDispatcher with 8 workers.
 -> (artifact id: '1977fe7f2ef0936d154fd5dc7a5300bb') in 0.065590 seconds
Number of updated asset objects reloaded before import = 0
Number of asset objects unloaded after import = 2
========================================================================
Received Import Request.
  Time since last request: 209.841444 seconds.
  path: Assets/Character/Detektif.fbx
  artifactKey: Guid(a97aec0bd8e09e1439f95294dec288fc) Importer(815301076,1909f56bfc062723c751e8b465ee728b)
Start importing Assets/Character/Detektif.fbx using Guid(a97aec0bd8e09e1439f95294dec288fc) Importer(815301076,1909f56bfc062723c751e8b465ee728b) [PhysX] Initialized MultithreadedTaskDispatcher with 8 workers.
[PhysX] Initialized MultithreadedTaskDispatcher with 8 workers.
[PhysX] Initialized MultithreadedTaskDispatcher with 8 workers.
[PhysX] Initialized MultithreadedTaskDispatcher with 8 workers.
[PhysX] Initialized MultithreadedTaskDispatcher with 8 workers.
[PhysX] Initialized MultithreadedTaskDispatcher with 8 workers.
[PhysX] Initialized MultithreadedTaskDispatcher with 8 workers.
[PhysX] Initialized MultithreadedTaskDispatcher with 8 workers.
[PhysX] Initialized MultithreadedTaskDispatcher with 8 workers.
[PhysX] Initialized MultithreadedTaskDispatcher with 8 workers.
[PhysX] Initialized MultithreadedTaskDispatcher with 8 workers.
[PhysX] Initialized MultithreadedTaskDispatcher with 8 workers.
[PhysX] Initialized MultithreadedTaskDispatcher with 8 workers.
[PhysX] Initialized MultithreadedTaskDispatcher with 8 workers.
[PhysX] Initialized MultithreadedTaskDispatcher with 8 workers.
[PhysX] Initialized MultithreadedTaskDispatcher with 8 workers.
[PhysX] Initialized MultithreadedTaskDispatcher with 8 workers.
[PhysX] Initialized MultithreadedTaskDispatcher with 8 workers.
[PhysX] Initialized MultithreadedTaskDispatcher with 8 workers.
[PhysX] Initialized MultithreadedTaskDispatcher with 8 workers.
 -> (artifact id: 'c29884103108f6fe6c6992396add484a') in 0.320069 seconds
Number of updated asset objects reloaded before import = 0
Number of asset objects unloaded after import = 514
========================================================================
Received Import Request.
  Time since last request: 3.755345 seconds.
  path: Assets/Character/Detektif.fbx
  artifactKey: Guid(a97aec0bd8e09e1439f95294dec288fc) Importer(815301076,1909f56bfc062723c751e8b465ee728b)
Start importing Assets/Character/Detektif.fbx using Guid(a97aec0bd8e09e1439f95294dec288fc) Importer(815301076,1909f56bfc062723c751e8b465ee728b) [PhysX] Initialized MultithreadedTaskDispatcher with 8 workers.
[PhysX] Initialized MultithreadedTaskDispatcher with 8 workers.
[PhysX] Initialized MultithreadedTaskDispatcher with 8 workers.
[PhysX] Initialized MultithreadedTaskDispatcher with 8 workers.
[PhysX] Initialized MultithreadedTaskDispatcher with 8 workers.
[PhysX] Initialized MultithreadedTaskDispatcher with 8 workers.
[PhysX] Initialized MultithreadedTaskDispatcher with 8 workers.
[PhysX] Initialized MultithreadedTaskDispatcher with 8 workers.
[PhysX] Initialized MultithreadedTaskDispatcher with 8 workers.
[PhysX] Initialized MultithreadedTaskDispatcher with 8 workers.
[PhysX] Initialized MultithreadedTaskDispatcher with 8 workers.
[PhysX] Initialized MultithreadedTaskDispatcher with 8 workers.
[PhysX] Initialized MultithreadedTaskDispatcher with 8 workers.
[PhysX] Initialized MultithreadedTaskDispatcher with 8 workers.
[PhysX] Initialized MultithreadedTaskDispatcher with 8 workers.
[PhysX] Initialized MultithreadedTaskDispatcher with 8 workers.
[PhysX] Initialized MultithreadedTaskDispatcher with 8 workers.
[PhysX] Initialized MultithreadedTaskDispatcher with 8 workers.
[PhysX] Initialized MultithreadedTaskDispatcher with 8 workers.
[PhysX] Initialized MultithreadedTaskDispatcher with 8 workers.
 -> (artifact id: '5af969e9927ee5e1704ca834ecbee003') in 0.710050 seconds
Number of updated asset objects reloaded before import = 0
Number of asset objects unloaded after import = 522
========================================================================
Received Import Request.
  Time since last request: 377.872333 seconds.
  path: Assets/Animation/Animation_Controller/Detektif.controller
  artifactKey: Guid(64bec53db2ab2eb45b3e1818537cbde2) Importer(815301076,1909f56bfc062723c751e8b465ee728b)
Start importing Assets/Animation/Animation_Controller/Detektif.controller using Guid(64bec53db2ab2eb45b3e1818537cbde2) Importer(815301076,1909f56bfc062723c751e8b465ee728b) [PhysX] Initialized MultithreadedTaskDispatcher with 8 workers.
 -> (artifact id: '5d1e0cbad0f18c68120d906e8ef21778') in 0.008927 seconds
Number of updated asset objects reloaded before import = 0
Number of asset objects unloaded after import = 17
========================================================================
Received Import Request.
  Time since last request: 136.376105 seconds.
  path: Assets/Animation/Animation_Controller/Detektif.controller
  artifactKey: Guid(64bec53db2ab2eb45b3e1818537cbde2) Importer(815301076,1909f56bfc062723c751e8b465ee728b)
Start importing Assets/Animation/Animation_Controller/Detektif.controller using Guid(64bec53db2ab2eb45b3e1818537cbde2) Importer(815301076,1909f56bfc062723c751e8b465ee728b) [PhysX] Initialized MultithreadedTaskDispatcher with 8 workers.
 -> (artifact id: 'b411e64b53ce306d9df256b83c7959a5') in 0.005759 seconds
Number of updated asset objects reloaded before import = 0
Number of asset objects unloaded after import = 24
